#
# There is insufficient memory for the Java Runtime Environment to continue.
# Native memory allocation (malloc) failed to allocate 36088 bytes. Error detail: Chunk::new
# Possible reasons:
#   The system is out of physical RAM or swap space
#   This process is running with CompressedOops enabled, and the Java Heap may be blocking the growth of the native heap
# Possible solutions:
#   Reduce memory load on the system
#   Increase physical memory or swap space
#   Check if swap backing store is full
#   Decrease Java heap size (-Xmx/-Xms)
#   Decrease number of Java threads
#   Decrease Java thread stack sizes (-Xss)
#   Set larger code cache with -XX:ReservedCodeCacheSize=
#   JVM is running with Unscaled Compressed Oops mode in which the Java heap is
#     placed in the first 4GB address space. The Java Heap base address is the
#     maximum limit for the native heap growth. Please use -XX:HeapBaseMinAddress
#     to set the Java Heap base and to place the Java Heap above 4GB virtual address.
# This output file may be truncated or incomplete.
#
#  Out of Memory Error (arena.cpp:186), pid=13452, tid=7500
#
# JRE version: Java(TM) SE Runtime Environment (25.0.1+8) (build 25.0.1+8-LTS-27)
# Java VM: Java HotSpot(TM) 64-Bit Server VM (25.0.1+8-LTS-27, mixed mode, sharing, tiered, compressed oops, compressed class ptrs, g1 gc, windows-amd64)
# No core dump will be written. Minidumps are not enabled by default on client versions of Windows
#

---------------  S U M M A R Y ------------

Command Line: --enable-native-access=ALL-UNNAMED -Dclassworlds.conf=C:\maven\apache-maven-3.9.16\bin\m2.conf -Dmaven.home=C:\maven\apache-maven-3.9.16 -Dlibrary.jansi.path=C:\maven\apache-maven-3.9.16\lib\jansi-native -Dmaven.multiModuleProjectDirectory=D:\Java programming\Banking-System org.codehaus.plexus.classworlds.launcher.Launcher clean test

Host: 12th Gen Intel(R) Core(TM) i5-1240P, 16 cores, 7G,  Windows 11 , 64 bit Build 26100 (10.0.26100.8521)
Time: Thu Jul  9 08:35:56 2026 Bangladesh Standard Time elapsed time: 11.290895 seconds (0d 0h 0m 11s)

---------------  T H R E A D  ---------------

Current thread (0x00000221481a1a30):  JavaThread "C2 CompilerThread0" daemon [_thread_in_native, id=7500, stack(0x00000038b2a00000,0x00000038b2b00000) (1024K)]


Current CompileTask:
C2:11290 11082   !   4       java.nio.CharBuffer::wrap (21 bytes)

Stack: [0x00000038b2a00000,0x00000038b2b00000]
Native frames: (J=compiled Java code, j=interpreted, Vv=VM code, C=native code)
V  [jvm.dll+0x7a6b59]  (no source info available)
V  [jvm.dll+0x77290d]  (no source info available)
V  [jvm.dll+0x966153]  (no source info available)
V  [jvm.dll+0x968751]  (no source info available)
V  [jvm.dll+0x968e53]  (no source info available)
V  [jvm.dll+0x2fc756]  (no source info available)
V  [jvm.dll+0x111b26]  (no source info available)
V  [jvm.dll+0x111e4e]  (no source info available)
V  [jvm.dll+0x452467]  (no source info available)
V  [jvm.dll+0x421762]  (no source info available)
V  [jvm.dll+0x420b7a]  (no source info available)
V  [jvm.dll+0x2c08a9]  (no source info available)
V  [jvm.dll+0x2bfa8f]  (no source info available)
V  [jvm.dll+0x237b60]  (no source info available)
V  [jvm.dll+0x2cfb56]  (no source info available)
V  [jvm.dll+0x2cddd5]  (no source info available)
V  [jvm.dll+0x48e6d1]  (no source info available)
V  [jvm.dll+0x906a0d]  (no source info available)
V  [jvm.dll+0x7a5135]  (no source info available)
C  [ucrtbase.dll+0x2cd30]  (no source info available)
C  [KERNEL32.DLL+0x2e957]  (no source info available)
C  [ntdll.dll+0x87c1c]  (no source info available)

Lock stack of current Java thread (top to bottom):


---------------  P R O C E S S  ---------------

Threads class SMR info:
_java_thread_list=0x00000221516eb040, length=19, elements={
0x000002212ac1f7e0, 0x000002214818e560, 0x000002214818ee70, 0x00000221481901a0,
0x0000022148192bb0, 0x00000221481949c0, 0x0000022148195960, 0x00000221481a1a30,
0x00000221481a4f20, 0x0000022148196130, 0x0000022148195190, 0x000002214d1cbc50,
0x000002214e3e54e0, 0x00000221507d1810, 0x00000221507d3750, 0x00000221507d46f0,
0x00000221507d2f80, 0x00000221507d4ec0, 0x000002214d901370
}

Java Threads: ( => current thread )
  0x000002212ac1f7e0 JavaThread "main"                              [_thread_in_native, id=12128, stack(0x00000038b1c00000,0x00000038b1d00000) (1024K)]
  0x000002214818e560 JavaThread "Reference Handler"          daemon [_thread_blocked, id=5348, stack(0x00000038b2400000,0x00000038b2500000) (1024K)]
  0x000002214818ee70 JavaThread "Finalizer"                  daemon [_thread_blocked, id=19184, stack(0x00000038b2500000,0x00000038b2600000) (1024K)]
  0x00000221481901a0 JavaThread "Signal Dispatcher"          daemon [_thread_blocked, id=13244, stack(0x00000038b2600000,0x00000038b2700000) (1024K)]
  0x0000022148192bb0 JavaThread "Attach Listener"            daemon [_thread_blocked, id=9724, stack(0x00000038b2700000,0x00000038b2800000) (1024K)]
  0x00000221481949c0 JavaThread "Service Thread"             daemon [_thread_blocked, id=19908, stack(0x00000038b2800000,0x00000038b2900000) (1024K)]
  0x0000022148195960 JavaThread "Monitor Deflation Thread"   daemon [_thread_blocked, id=12676, stack(0x00000038b2900000,0x00000038b2a00000) (1024K)]
=>0x00000221481a1a30 JavaThread "C2 CompilerThread0"         daemon [_thread_in_native, id=7500, stack(0x00000038b2a00000,0x00000038b2b00000) (1024K)]
  0x00000221481a4f20 JavaThread "C1 CompilerThread0"         daemon [_thread_blocked, id=21108, stack(0x00000038b2b00000,0x00000038b2c00000) (1024K)]
  0x0000022148196130 JavaThread "Notification Thread"        daemon [_thread_blocked, id=16580, stack(0x00000038b2d00000,0x00000038b2e00000) (1024K)]
  0x0000022148195190 JavaThread "Common-Cleaner"             daemon [_thread_blocked, id=3156, stack(0x00000038b2e00000,0x00000038b2f00000) (1024K)]
  0x000002214d1cbc50 JavaThread "Thread-1"                   daemon [_thread_blocked, id=1616, stack(0x00000038b3700000,0x00000038b3800000) (1024K)]
  0x000002214e3e54e0 JavaThread "timeout-check-timer"        daemon [_thread_blocked, id=19352, stack(0x00000038b4300000,0x00000038b4400000) (1024K)]
  0x00000221507d1810 JavaThread "ping-timer-10s"             daemon [_thread_blocked, id=8796, stack(0x00000038b4400000,0x00000038b4500000) (1024K)]
  0x00000221507d3750 JavaThread "ThreadedStreamConsumer"     daemon [_thread_blocked, id=1492, stack(0x00000038b4500000,0x00000038b4600000) (1024K)]
  0x00000221507d46f0 JavaThread "fork-1-err-thread"          daemon [_thread_in_native, id=8392, stack(0x00000038b4600000,0x00000038b4700000) (1024K)]
  0x00000221507d2f80 JavaThread "commands-fork-1"            daemon [_thread_blocked, id=19704, stack(0x00000038b4700000,0x00000038b4800000) (1024K)]
  0x00000221507d4ec0 JavaThread "fork-1-event-thread"        daemon [_thread_in_native, id=13352, stack(0x00000038b4800000,0x00000038b4900000) (1024K)]
  0x000002214d901370 JavaThread "C1 CompilerThread1"         daemon [_thread_blocked, id=22948, stack(0x00000038b2c00000,0x00000038b2d00000) (1024K)]
Total: 19

Other Threads:
  0x0000022148179960 VMThread "VM Thread"                           [id=12828, stack(0x00000038b2300000,0x00000038b2400000) (1024K)]
  0x000002214804a3d0 WatcherThread "VM Periodic Task Thread"        [id=15768, stack(0x00000038b2200000,0x00000038b2300000) (1024K)]
  0x000002212ac77c40 WorkerThread "GC Thread#0"                     [id=5708, stack(0x00000038b1d00000,0x00000038b1e00000) (1024K)]
  0x000002214e037310 WorkerThread "GC Thread#1"                     [id=12720, stack(0x00000038b3300000,0x00000038b3400000) (1024K)]
  0x000002214da688d0 WorkerThread "GC Thread#2"                     [id=2996, stack(0x00000038b3400000,0x00000038b3500000) (1024K)]
  0x000002214da68d00 WorkerThread "GC Thread#3"                     [id=19400, stack(0x00000038b3500000,0x00000038b3600000) (1024K)]
  0x000002214db9da20 WorkerThread "GC Thread#4"                     [id=11152, stack(0x00000038b3600000,0x00000038b3700000) (1024K)]
  0x000002214e113020 WorkerThread "GC Thread#5"                     [id=14752, stack(0x00000038b3800000,0x00000038b3900000) (1024K)]
  0x000002214e113470 WorkerThread "GC Thread#6"                     [id=19368, stack(0x00000038b3900000,0x00000038b3a00000) (1024K)]
  0x000002214e114160 WorkerThread "GC Thread#7"                     [id=9156, stack(0x00000038b3a00000,0x00000038b3b00000) (1024K)]
  0x000002214e111a90 WorkerThread "GC Thread#8"                     [id=15564, stack(0x00000038b3b00000,0x00000038b3c00000) (1024K)]
  0x000002214e111640 WorkerThread "GC Thread#9"                     [id=23140, stack(0x00000038b3c00000,0x00000038b3d00000) (1024K)]
  0x000002214f27bd00 WorkerThread "GC Thread#10"                    [id=1704, stack(0x00000038b3d00000,0x00000038b3e00000) (1024K)]
  0x000002214f27fdb0 WorkerThread "GC Thread#11"                    [id=18116, stack(0x00000038b3e00000,0x00000038b3f00000) (1024K)]
  0x000002214f281340 WorkerThread "GC Thread#12"                    [id=21864, stack(0x00000038b3f00000,0x00000038b4000000) (1024K)]
  0x000002212ac91bc0 ConcurrentGCThread "G1 Main Marker"            [id=22460, stack(0x00000038b1e00000,0x00000038b1f00000) (1024K)]
  0x000002212ac92560 WorkerThread "G1 Conc#0"                       [id=22964, stack(0x00000038b1f00000,0x00000038b2000000) (1024K)]
  0x000002214f27df80 WorkerThread "G1 Conc#1"                       [id=8740, stack(0x00000038b4000000,0x00000038b4100000) (1024K)]
  0x000002214f283170 WorkerThread "G1 Conc#2"                       [id=3536, stack(0x00000038b4100000,0x00000038b4200000) (1024K)]
  0x0000022148030890 ConcurrentGCThread "G1 Refine#0"               [id=11148, stack(0x00000038b2000000,0x00000038b2100000) (1024K)]
  0x0000022148031150 ConcurrentGCThread "G1 Service"                [id=19548, stack(0x00000038b2100000,0x00000038b2200000) (1024K)]
Total: 21

Threads with active compile tasks:
C2 CompilerThread0  11369 11082   !   4       java.nio.CharBuffer::wrap (21 bytes)
Total: 1

VM state: not at safepoint (normal execution)

VM Mutex/Monitor currently owned by a thread: None

Heap address: 0x0000000085200000, size: 1966 MB, Compressed Oops mode: 32-bit

CDS archive(s) mapped at: [0x000000000e000000-0x000000000edd0000-0x000000000edd0000), size 14483456, SharedBaseAddress: 0x000000000e000000, ArchiveRelocationMode: 1.
Compressed class space mapped at: 0x000000000f000000-0x000000004f000000, reserved size: 1073741824
UseCompressedClassPointers 1, UseCompactObjectHeaders 0
Narrow klass pointer bits 32, Max shift 3
Narrow klass base: 0x000000000e000000, Narrow klass shift: 0
Encoding Range: [0x000000000e000000 - 0x000000010e000000), (4294967296 bytes)
Klass Range:    [0x000000000e010000 - 0x000000004f000000), (1090453504 bytes)
Klass ID Range:  [65536 - 1090519033) (1090453497)
Protection zone: [0x000000000e000000 - 0x000000000e010000), (65536 bytes)

GC Precious Log:
 CardTable entry size: 512
 Card Set container configuration: InlinePtr #cards 5 size 8 Array Of Cards #cards 10 size 36 Howl #buckets 4 coarsen threshold 1843 Howl Bitmap #cards 512 size 80 coarsen threshold 460 Card regions per heap region 1 cards per card region 2048
 CPUs: 16 total, 16 available
 Memory: 7860M
 Large Page Support: Disabled
 NUMA Support: Disabled
 Compressed Oops: Enabled (32-bit)
 Heap Region Size: 1M
 Heap Min Capacity: 8M
 Heap Initial Capacity: 124M
 Heap Max Capacity: 1966M
 Pre-touch: Disabled
 Parallel Workers: 13
 Concurrent Workers: 3
 Concurrent Refinement Workers: 13
 Periodic GC: Disabled

Heap:
 garbage-first heap   total reserved 2013184K, committed 164864K, used 83101K [0x0000000085200000, 0x0000000100000000)
  region size 1024K, 14 young (14336K), 4 survivors (4096K)

Heap Regions: E=young(eden), S=young(survivor), O=old, HS=humongous(starts), HC=humongous(continues), CS=collection set, F=free, TAMS=top-at-mark-start, PB=parsable bottom
|   0|0x0000000085200000, 0x0000000085300000, 0x0000000085300000|100%| O|  |TAMS 0x0000000085200000| PB 0x0000000085200000| Untracked |  0
|   1|0x0000000085300000, 0x0000000085400000, 0x0000000085400000|100%| O|  |TAMS 0x0000000085300000| PB 0x0000000085300000| Untracked |  0
|   2|0x0000000085400000, 0x0000000085500000, 0x0000000085500000|100%| O|  |TAMS 0x0000000085400000| PB 0x0000000085400000| Untracked |  0
|   3|0x0000000085500000, 0x0000000085600000, 0x0000000085600000|100%| O|  |TAMS 0x0000000085500000| PB 0x0000000085500000| Untracked |  0
|   4|0x0000000085600000, 0x0000000085700000, 0x0000000085700000|100%| O|  |TAMS 0x0000000085600000| PB 0x0000000085600000| Untracked |  0
|   5|0x0000000085700000, 0x0000000085800000, 0x0000000085800000|100%| O|  |TAMS 0x0000000085700000| PB 0x0000000085700000| Untracked |  0
|   6|0x0000000085800000, 0x0000000085900000, 0x0000000085900000|100%| O|  |TAMS 0x0000000085800000| PB 0x0000000085800000| Untracked |  0
|   7|0x0000000085900000, 0x0000000085a00000, 0x0000000085a00000|100%| O|  |TAMS 0x0000000085900000| PB 0x0000000085900000| Untracked |  0
|   8|0x0000000085a00000, 0x0000000085b00000, 0x0000000085b00000|100%| O|  |TAMS 0x0000000085a00000| PB 0x0000000085a00000| Untracked |  0
|   9|0x0000000085b00000, 0x0000000085c00000, 0x0000000085c00000|100%| O|  |TAMS 0x0000000085b00000| PB 0x0000000085b00000| Untracked |  0
|  10|0x0000000085c00000, 0x0000000085d00000, 0x0000000085d00000|100%| O|  |TAMS 0x0000000085c00000| PB 0x0000000085c00000| Untracked |  0
|  11|0x0000000085d00000, 0x0000000085e00000, 0x0000000085e00000|100%| O|  |TAMS 0x0000000085d00000| PB 0x0000000085d00000| Untracked |  0
|  12|0x0000000085e00000, 0x0000000085e00000, 0x0000000085f00000|  0%| F|  |TAMS 0x0000000085e00000| PB 0x0000000085e00000| Untracked |  0
|  13|0x0000000085f00000, 0x0000000085f00000, 0x0000000086000000|  0%| F|  |TAMS 0x0000000085f00000| PB 0x0000000085f00000| Untracked |  0
|  14|0x0000000086000000, 0x0000000086100000, 0x0000000086100000|100%|HS|  |TAMS 0x0000000086000000| PB 0x0000000086000000| Complete |  0
|  15|0x0000000086100000, 0x0000000086200000, 0x0000000086200000|100%|HC|  |TAMS 0x0000000086100000| PB 0x0000000086100000| Complete |  0
|  16|0x0000000086200000, 0x0000000086300000, 0x0000000086300000|100%|HC|  |TAMS 0x0000000086200000| PB 0x0000000086200000| Complete |  0
|  17|0x0000000086300000, 0x0000000086400000, 0x0000000086400000|100%| O|  |TAMS 0x0000000086300000| PB 0x0000000086300000| Untracked |  0
|  18|0x0000000086400000, 0x0000000086500000, 0x0000000086500000|100%| O|  |TAMS 0x0000000086400000| PB 0x0000000086400000| Untracked |  0
|  19|0x0000000086500000, 0x0000000086500000, 0x0000000086600000|  0%| F|  |TAMS 0x0000000086500000| PB 0x0000000086500000| Untracked |  0
|  20|0x0000000086600000, 0x0000000086600000, 0x0000000086700000|  0%| F|  |TAMS 0x0000000086600000| PB 0x0000000086600000| Untracked |  0
|  21|0x0000000086700000, 0x0000000086800000, 0x0000000086800000|100%| O|  |TAMS 0x0000000086700000| PB 0x0000000086700000| Untracked |  0
|  22|0x0000000086800000, 0x0000000086900000, 0x0000000086900000|100%| O|  |TAMS 0x0000000086800000| PB 0x0000000086800000| Untracked |  0
|  23|0x0000000086900000, 0x0000000086a00000, 0x0000000086a00000|100%| O|  |TAMS 0x0000000086900000| PB 0x0000000086900000| Untracked |  0
|  24|0x0000000086a00000, 0x0000000086b00000, 0x0000000086b00000|100%| O|  |TAMS 0x0000000086a00000| PB 0x0000000086a00000| Untracked |  0
|  25|0x0000000086b00000, 0x0000000086b00000, 0x0000000086c00000|  0%| F|  |TAMS 0x0000000086b00000| PB 0x0000000086b00000| Untracked |  0
|  26|0x0000000086c00000, 0x0000000086d00000, 0x0000000086d00000|100%| O|Cm|TAMS 0x0000000086c00000| PB 0x0000000086c00000| Complete |  0
|  27|0x0000000086d00000, 0x0000000086e00000, 0x0000000086e00000|100%| O|Cm|TAMS 0x0000000086d00000| PB 0x0000000086d00000| Complete |  0
|  28|0x0000000086e00000, 0x0000000086e00000, 0x0000000086f00000|  0%| F|  |TAMS 0x0000000086e00000| PB 0x0000000086e00000| Untracked |  0
|  29|0x0000000086f00000, 0x0000000087000000, 0x0000000087000000|100%| O|Cm|TAMS 0x0000000086f00000| PB 0x0000000086f00000| Complete |  0
|  30|0x0000000087000000, 0x0000000087100000, 0x0000000087100000|100%| O|Cm|TAMS 0x0000000087000000| PB 0x0000000087000000| Complete |  0
|  31|0x0000000087100000, 0x0000000087200000, 0x0000000087200000|100%| O|Cm|TAMS 0x0000000087100000| PB 0x0000000087100000| Complete |  0
|  32|0x0000000087200000, 0x0000000087300000, 0x0000000087300000|100%| O|Cm|TAMS 0x0000000087200000| PB 0x0000000087200000| Complete |  0
|  33|0x0000000087300000, 0x0000000087400000, 0x0000000087400000|100%| O|Cm|TAMS 0x0000000087300000| PB 0x0000000087300000| Complete |  0
|  34|0x0000000087400000, 0x0000000087500000, 0x0000000087500000|100%| O|Cm|TAMS 0x0000000087400000| PB 0x0000000087400000| Complete |  0
|  35|0x0000000087500000, 0x0000000087600000, 0x0000000087600000|100%| O|  |TAMS 0x0000000087500000| PB 0x0000000087500000| Untracked |  0
|  36|0x0000000087600000, 0x0000000087700000, 0x0000000087700000|100%| O|Cm|TAMS 0x0000000087600000| PB 0x0000000087600000| Complete |  0
|  37|0x0000000087700000, 0x0000000087800000, 0x0000000087800000|100%|HS|  |TAMS 0x0000000087700000| PB 0x0000000087700000| Complete |  0
|  38|0x0000000087800000, 0x0000000087800000, 0x0000000087900000|  0%| F|  |TAMS 0x0000000087800000| PB 0x0000000087800000| Untracked |  0
|  39|0x0000000087900000, 0x0000000087a00000, 0x0000000087a00000|100%| O|Cm|TAMS 0x0000000087900000| PB 0x0000000087900000| Complete |  0
|  40|0x0000000087a00000, 0x0000000087a00000, 0x0000000087b00000|  0%| F|  |TAMS 0x0000000087a00000| PB 0x0000000087a00000| Untracked |  0
|  41|0x0000000087b00000, 0x0000000087b00000, 0x0000000087c00000|  0%| F|  |TAMS 0x0000000087b00000| PB 0x0000000087b00000| Untracked |  0
|  42|0x0000000087c00000, 0x0000000087c00000, 0x0000000087d00000|  0%| F|  |TAMS 0x0000000087c00000| PB 0x0000000087c00000| Untracked |  0
|  43|0x0000000087d00000, 0x0000000087e00000, 0x0000000087e00000|100%|HS|  |TAMS 0x0000000087d00000| PB 0x0000000087d00000| Complete |  0
|  44|0x0000000087e00000, 0x0000000087f00000, 0x0000000087f00000|100%|HC|  |TAMS 0x0000000087e00000| PB 0x0000000087e00000| Complete |  0
|  45|0x0000000087f00000, 0x0000000088000000, 0x0000000088000000|100%|HC|  |TAMS 0x0000000087f00000| PB 0x0000000087f00000| Complete |  0
|  46|0x0000000088000000, 0x0000000088100000, 0x0000000088100000|100%|HS|  |TAMS 0x0000000088000000| PB 0x0000000088000000| Complete |  0
|  47|0x0000000088100000, 0x0000000088200000, 0x0000000088200000|100%| O|Cm|TAMS 0x0000000088100000| PB 0x0000000088100000| Complete |  0
|  48|0x0000000088200000, 0x0000000088300000, 0x0000000088300000|100%| O|  |TAMS 0x0000000088200000| PB 0x0000000088200000| Untracked |  0
|  49|0x0000000088300000, 0x0000000088400000, 0x0000000088400000|100%| O|  |TAMS 0x0000000088300000| PB 0x0000000088300000| Untracked |  0
|  50|0x0000000088400000, 0x0000000088500000, 0x0000000088500000|100%| O|  |TAMS 0x0000000088400000| PB 0x0000000088400000| Untracked |  0
|  51|0x0000000088500000, 0x0000000088600000, 0x0000000088600000|100%| O|  |TAMS 0x0000000088500000| PB 0x0000000088500000| Untracked |  0
|  52|0x0000000088600000, 0x0000000088700000, 0x0000000088700000|100%| O|Cm|TAMS 0x0000000088600000| PB 0x0000000088600000| Complete |  0
|  53|0x0000000088700000, 0x0000000088800000, 0x0000000088800000|100%| O|  |TAMS 0x0000000088700000| PB 0x0000000088700000| Untracked |  0
|  54|0x0000000088800000, 0x0000000088900000, 0x0000000088900000|100%| O|  |TAMS 0x0000000088800000| PB 0x0000000088800000| Untracked |  0
|  55|0x0000000088900000, 0x0000000088a00000, 0x0000000088a00000|100%| O|  |TAMS 0x0000000088900000| PB 0x0000000088900000| Untracked |  0
|  56|0x0000000088a00000, 0x0000000088b00000, 0x0000000088b00000|100%| O|  |TAMS 0x0000000088a00000| PB 0x0000000088a00000| Untracked |  0
|  57|0x0000000088b00000, 0x0000000088c00000, 0x0000000088c00000|100%| O|Cm|TAMS 0x0000000088b00000| PB 0x0000000088b00000| Complete |  0
|  58|0x0000000088c00000, 0x0000000088d00000, 0x0000000088d00000|100%| O|  |TAMS 0x0000000088c00000| PB 0x0000000088c00000| Untracked |  0
|  59|0x0000000088d00000, 0x0000000088e00000, 0x0000000088e00000|100%| O|Cm|TAMS 0x0000000088d00000| PB 0x0000000088d00000| Complete |  0
|  60|0x0000000088e00000, 0x0000000088ed4e20, 0x0000000088f00000| 83%| O|  |TAMS 0x0000000088e00000| PB 0x0000000088e00000| Untracked |  0
|  61|0x0000000088f00000, 0x0000000089000000, 0x0000000089000000|100%| O|Cm|TAMS 0x0000000088f00000| PB 0x0000000088f00000| Complete |  0
|  62|0x0000000089000000, 0x0000000089100000, 0x0000000089100000|100%| O|Cm|TAMS 0x0000000089000000| PB 0x0000000089000000| Complete |  0
|  63|0x0000000089100000, 0x0000000089100000, 0x0000000089200000|  0%| F|  |TAMS 0x0000000089100000| PB 0x0000000089100000| Untracked |  0
|  64|0x0000000089200000, 0x0000000089300000, 0x0000000089300000|100%| O|Cm|TAMS 0x0000000089200000| PB 0x0000000089200000| Complete |  0
|  65|0x0000000089300000, 0x0000000089400000, 0x0000000089400000|100%| O|  |TAMS 0x0000000089300000| PB 0x0000000089300000| Untracked |  0
|  66|0x0000000089400000, 0x0000000089500000, 0x0000000089500000|100%| O|Cm|TAMS 0x0000000089400000| PB 0x0000000089400000| Complete |  0
|  67|0x0000000089500000, 0x0000000089600000, 0x0000000089600000|100%| O|  |TAMS 0x0000000089500000| PB 0x0000000089500000| Untracked |  0
|  68|0x0000000089600000, 0x0000000089700000, 0x0000000089700000|100%| O|Cm|TAMS 0x0000000089600000| PB 0x0000000089600000| Complete |  0
|  69|0x0000000089700000, 0x0000000089700000, 0x0000000089800000|  0%| F|  |TAMS 0x0000000089700000| PB 0x0000000089700000| Untracked |  0
|  70|0x0000000089800000, 0x0000000089800000, 0x0000000089900000|  0%| F|  |TAMS 0x0000000089800000| PB 0x0000000089800000| Untracked |  0
|  71|0x0000000089900000, 0x0000000089900000, 0x0000000089a00000|  0%| F|  |TAMS 0x0000000089900000| PB 0x0000000089900000| Untracked |  0
|  72|0x0000000089a00000, 0x0000000089a00000, 0x0000000089b00000|  0%| F|  |TAMS 0x0000000089a00000| PB 0x0000000089a00000| Untracked |  0
|  73|0x0000000089b00000, 0x0000000089b00000, 0x0000000089c00000|  0%| F|  |TAMS 0x0000000089b00000| PB 0x0000000089b00000| Untracked |  0
|  74|0x0000000089c00000, 0x0000000089c52818, 0x0000000089d00000| 32%| S|CS|TAMS 0x0000000089c00000| PB 0x0000000089c00000| Complete |  0
|  75|0x0000000089d00000, 0x0000000089e00000, 0x0000000089e00000|100%| S|CS|TAMS 0x0000000089d00000| PB 0x0000000089d00000| Complete |  0
|  76|0x0000000089e00000, 0x0000000089f00000, 0x0000000089f00000|100%| S|CS|TAMS 0x0000000089e00000| PB 0x0000000089e00000| Complete |  0
|  77|0x0000000089f00000, 0x000000008a000000, 0x000000008a000000|100%| S|CS|TAMS 0x0000000089f00000| PB 0x0000000089f00000| Complete |  0
|  78|0x000000008a000000, 0x000000008a000000, 0x000000008a100000|  0%| F|  |TAMS 0x000000008a000000| PB 0x000000008a000000| Untracked |  0
|  79|0x000000008a100000, 0x000000008a100000, 0x000000008a200000|  0%| F|  |TAMS 0x000000008a100000| PB 0x000000008a100000| Untracked |  0
|  80|0x000000008a200000, 0x000000008a200000, 0x000000008a300000|  0%| F|  |TAMS 0x000000008a200000| PB 0x000000008a200000| Untracked |  0
|  81|0x000000008a300000, 0x000000008a300000, 0x000000008a400000|  0%| F|  |TAMS 0x000000008a300000| PB 0x000000008a300000| Untracked |  0
|  82|0x000000008a400000, 0x000000008a400000, 0x000000008a500000|  0%| F|  |TAMS 0x000000008a400000| PB 0x000000008a400000| Untracked |  0
|  83|0x000000008a500000, 0x000000008a500000, 0x000000008a600000|  0%| F|  |TAMS 0x000000008a500000| PB 0x000000008a500000| Untracked |  0
|  84|0x000000008a600000, 0x000000008a600000, 0x000000008a700000|  0%| F|  |TAMS 0x000000008a600000| PB 0x000000008a600000| Untracked |  0
|  85|0x000000008a700000, 0x000000008a700000, 0x000000008a800000|  0%| F|  |TAMS 0x000000008a700000| PB 0x000000008a700000| Untracked |  0
|  86|0x000000008a800000, 0x000000008a800000, 0x000000008a900000|  0%| F|  |TAMS 0x000000008a800000| PB 0x000000008a800000| Untracked |  0
|  87|0x000000008a900000, 0x000000008a900000, 0x000000008aa00000|  0%| F|  |TAMS 0x000000008a900000| PB 0x000000008a900000| Untracked |  0
|  88|0x000000008aa00000, 0x000000008aa00000, 0x000000008ab00000|  0%| F|  |TAMS 0x000000008aa00000| PB 0x000000008aa00000| Untracked |  0
|  89|0x000000008ab00000, 0x000000008ab00000, 0x000000008ac00000|  0%| F|  |TAMS 0x000000008ab00000| PB 0x000000008ab00000| Untracked |  0
|  90|0x000000008ac00000, 0x000000008ac00000, 0x000000008ad00000|  0%| F|  |TAMS 0x000000008ac00000| PB 0x000000008ac00000| Untracked |  0
|  91|0x000000008ad00000, 0x000000008ad00000, 0x000000008ae00000|  0%| F|  |TAMS 0x000000008ad00000| PB 0x000000008ad00000| Untracked |  0
|  92|0x000000008ae00000, 0x000000008ae00000, 0x000000008af00000|  0%| F|  |TAMS 0x000000008ae00000| PB 0x000000008ae00000| Untracked |  0
|  93|0x000000008af00000, 0x000000008af00000, 0x000000008b000000|  0%| F|  |TAMS 0x000000008af00000| PB 0x000000008af00000| Untracked |  0
|  94|0x000000008b000000, 0x000000008b000000, 0x000000008b100000|  0%| F|  |TAMS 0x000000008b000000| PB 0x000000008b000000| Untracked |  0
|  95|0x000000008b100000, 0x000000008b100000, 0x000000008b200000|  0%| F|  |TAMS 0x000000008b100000| PB 0x000000008b100000| Untracked |  0
|  96|0x000000008b200000, 0x000000008b200000, 0x000000008b300000|  0%| F|  |TAMS 0x000000008b200000| PB 0x000000008b200000| Untracked |  0
|  97|0x000000008b300000, 0x000000008b300000, 0x000000008b400000|  0%| F|  |TAMS 0x000000008b300000| PB 0x000000008b300000| Untracked |  0
|  98|0x000000008b400000, 0x000000008b400000, 0x000000008b500000|  0%| F|  |TAMS 0x000000008b400000| PB 0x000000008b400000| Untracked |  0
|  99|0x000000008b500000, 0x000000008b500000, 0x000000008b600000|  0%| F|  |TAMS 0x000000008b500000| PB 0x000000008b500000| Untracked |  0
| 100|0x000000008b600000, 0x000000008b600000, 0x000000008b700000|  0%| F|  |TAMS 0x000000008b600000| PB 0x000000008b600000| Untracked |  0
| 101|0x000000008b700000, 0x000000008b700000, 0x000000008b800000|  0%| F|  |TAMS 0x000000008b700000| PB 0x000000008b700000| Untracked |  0
| 102|0x000000008b800000, 0x000000008b800000, 0x000000008b900000|  0%| F|  |TAMS 0x000000008b800000| PB 0x000000008b800000| Untracked |  0
| 103|0x000000008b900000, 0x000000008b900000, 0x000000008ba00000|  0%| F|  |TAMS 0x000000008b900000| PB 0x000000008b900000| Untracked |  0
| 104|0x000000008ba00000, 0x000000008ba00000, 0x000000008bb00000|  0%| F|  |TAMS 0x000000008ba00000| PB 0x000000008ba00000| Untracked |  0
| 105|0x000000008bb00000, 0x000000008bb00000, 0x000000008bc00000|  0%| F|  |TAMS 0x000000008bb00000| PB 0x000000008bb00000| Untracked |  0
| 106|0x000000008bc00000, 0x000000008bc00000, 0x000000008bd00000|  0%| F|  |TAMS 0x000000008bc00000| PB 0x000000008bc00000| Untracked |  0
| 107|0x000000008bd00000, 0x000000008bd00000, 0x000000008be00000|  0%| F|  |TAMS 0x000000008bd00000| PB 0x000000008bd00000| Untracked |  0
| 108|0x000000008be00000, 0x000000008be00000, 0x000000008bf00000|  0%| F|  |TAMS 0x000000008be00000| PB 0x000000008be00000| Untracked |  0
| 109|0x000000008bf00000, 0x000000008bf00000, 0x000000008c000000|  0%| F|  |TAMS 0x000000008bf00000| PB 0x000000008bf00000| Untracked |  0
| 110|0x000000008c000000, 0x000000008c000000, 0x000000008c100000|  0%| F|  |TAMS 0x000000008c000000| PB 0x000000008c000000| Untracked |  0
| 111|0x000000008c100000, 0x000000008c100000, 0x000000008c200000|  0%| F|  |TAMS 0x000000008c100000| PB 0x000000008c100000| Untracked |  0
| 112|0x000000008c200000, 0x000000008c200000, 0x000000008c300000|  0%| F|  |TAMS 0x000000008c200000| PB 0x000000008c200000| Untracked |  0
| 113|0x000000008c300000, 0x000000008c300000, 0x000000008c400000|  0%| F|  |TAMS 0x000000008c300000| PB 0x000000008c300000| Untracked |  0
| 114|0x000000008c400000, 0x000000008c400000, 0x000000008c500000|  0%| F|  |TAMS 0x000000008c400000| PB 0x000000008c400000| Untracked |  0
| 115|0x000000008c500000, 0x000000008c500000, 0x000000008c600000|  0%| F|  |TAMS 0x000000008c500000| PB 0x000000008c500000| Untracked |  0
| 116|0x000000008c600000, 0x000000008c600000, 0x000000008c700000|  0%| F|  |TAMS 0x000000008c600000| PB 0x000000008c600000| Untracked |  0
| 117|0x000000008c700000, 0x000000008c700000, 0x000000008c800000|  0%| F|  |TAMS 0x000000008c700000| PB 0x000000008c700000| Untracked |  0
| 118|0x000000008c800000, 0x000000008c800000, 0x000000008c900000|  0%| F|  |TAMS 0x000000008c800000| PB 0x000000008c800000| Untracked |  0
| 119|0x000000008c900000, 0x000000008c900000, 0x000000008ca00000|  0%| F|  |TAMS 0x000000008c900000| PB 0x000000008c900000| Untracked |  0
| 120|0x000000008ca00000, 0x000000008ca00000, 0x000000008cb00000|  0%| F|  |TAMS 0x000000008ca00000| PB 0x000000008ca00000| Untracked |  0
| 121|0x000000008cb00000, 0x000000008cb00000, 0x000000008cc00000|  0%| F|  |TAMS 0x000000008cb00000| PB 0x000000008cb00000| Untracked |  0
| 122|0x000000008cc00000, 0x000000008cc00000, 0x000000008cd00000|  0%| F|  |TAMS 0x000000008cc00000| PB 0x000000008cc00000| Untracked |  0
| 123|0x000000008cd00000, 0x000000008cd00000, 0x000000008ce00000|  0%| F|  |TAMS 0x000000008cd00000| PB 0x000000008cd00000| Untracked |  0
| 124|0x000000008ce00000, 0x000000008ce00000, 0x000000008cf00000|  0%| F|  |TAMS 0x000000008ce00000| PB 0x000000008ce00000| Untracked |  0
| 125|0x000000008cf00000, 0x000000008cf00000, 0x000000008d000000|  0%| F|  |TAMS 0x000000008cf00000| PB 0x000000008cf00000| Untracked |  0
| 126|0x000000008d000000, 0x000000008d000000, 0x000000008d100000|  0%| F|  |TAMS 0x000000008d000000| PB 0x000000008d000000| Untracked |  0
| 127|0x000000008d100000, 0x000000008d100000, 0x000000008d200000|  0%| F|  |TAMS 0x000000008d100000| PB 0x000000008d100000| Untracked |  0
| 128|0x000000008d200000, 0x000000008d200000, 0x000000008d300000|  0%| F|  |TAMS 0x000000008d200000| PB 0x000000008d200000| Untracked |  0
| 129|0x000000008d300000, 0x000000008d300000, 0x000000008d400000|  0%| F|  |TAMS 0x000000008d300000| PB 0x000000008d300000| Untracked |  0
| 130|0x000000008d400000, 0x000000008d400000, 0x000000008d500000|  0%| F|  |TAMS 0x000000008d400000| PB 0x000000008d400000| Untracked |  0
| 131|0x000000008d500000, 0x000000008d500000, 0x000000008d600000|  0%| F|  |TAMS 0x000000008d500000| PB 0x000000008d500000| Untracked |  0
| 132|0x000000008d600000, 0x000000008d600000, 0x000000008d700000|  0%| F|  |TAMS 0x000000008d600000| PB 0x000000008d600000| Untracked |  0
| 133|0x000000008d700000, 0x000000008d700000, 0x000000008d800000|  0%| F|  |TAMS 0x000000008d700000| PB 0x000000008d700000| Untracked |  0
| 134|0x000000008d800000, 0x000000008d800000, 0x000000008d900000|  0%| F|  |TAMS 0x000000008d800000| PB 0x000000008d800000| Untracked |  0
| 135|0x000000008d900000, 0x000000008d900000, 0x000000008da00000|  0%| F|  |TAMS 0x000000008d900000| PB 0x000000008d900000| Untracked |  0
| 136|0x000000008da00000, 0x000000008da00000, 0x000000008db00000|  0%| F|  |TAMS 0x000000008da00000| PB 0x000000008da00000| Untracked |  0
| 137|0x000000008db00000, 0x000000008db00000, 0x000000008dc00000|  0%| F|  |TAMS 0x000000008db00000| PB 0x000000008db00000| Untracked |  0
| 138|0x000000008dc00000, 0x000000008dc00000, 0x000000008dd00000|  0%| F|  |TAMS 0x000000008dc00000| PB 0x000000008dc00000| Untracked |  0
| 139|0x000000008dd00000, 0x000000008dd00000, 0x000000008de00000|  0%| F|  |TAMS 0x000000008dd00000| PB 0x000000008dd00000| Untracked |  0
| 140|0x000000008de00000, 0x000000008de6d3b8, 0x000000008df00000| 42%| E|  |TAMS 0x000000008de00000| PB 0x000000008de00000| Complete |  0
| 141|0x000000008df00000, 0x000000008e000000, 0x000000008e000000|100%| E|CS|TAMS 0x000000008df00000| PB 0x000000008df00000| Complete |  0
| 142|0x000000008e000000, 0x000000008e100000, 0x000000008e100000|100%| E|CS|TAMS 0x000000008e000000| PB 0x000000008e000000| Complete |  0
| 143|0x000000008e100000, 0x000000008e200000, 0x000000008e200000|100%| E|CS|TAMS 0x000000008e100000| PB 0x000000008e100000| Complete |  0
| 144|0x000000008e200000, 0x000000008e300000, 0x000000008e300000|100%| E|CS|TAMS 0x000000008e200000| PB 0x000000008e200000| Complete |  0
| 145|0x000000008e300000, 0x000000008e400000, 0x000000008e400000|100%| E|CS|TAMS 0x000000008e300000| PB 0x000000008e300000| Complete |  0
| 146|0x000000008e400000, 0x000000008e500000, 0x000000008e500000|100%| E|CS|TAMS 0x000000008e400000| PB 0x000000008e400000| Complete |  0
|1952|0x00000000ff200000, 0x00000000ff300000, 0x00000000ff300000|100%| O|  |TAMS 0x00000000ff200000| PB 0x00000000ff200000| Untracked |  0
|1953|0x00000000ff300000, 0x00000000ff400000, 0x00000000ff400000|100%| O|Cm|TAMS 0x00000000ff300000| PB 0x00000000ff300000| Complete |  0
|1954|0x00000000ff400000, 0x00000000ff500000, 0x00000000ff500000|100%| O|  |TAMS 0x00000000ff400000| PB 0x00000000ff400000| Untracked |  0
|1955|0x00000000ff500000, 0x00000000ff600000, 0x00000000ff600000|100%| O|Cm|TAMS 0x00000000ff500000| PB 0x00000000ff500000| Complete |  0
|1956|0x00000000ff600000, 0x00000000ff700000, 0x00000000ff700000|100%| O|Cm|TAMS 0x00000000ff600000| PB 0x00000000ff600000| Complete |  0
|1957|0x00000000ff700000, 0x00000000ff800000, 0x00000000ff800000|100%| O|Cm|TAMS 0x00000000ff700000| PB 0x00000000ff700000| Complete |  0
|1958|0x00000000ff800000, 0x00000000ff900000, 0x00000000ff900000|100%| E|CS|TAMS 0x00000000ff800000| PB 0x00000000ff800000| Complete |  0
|1959|0x00000000ff900000, 0x00000000ffa00000, 0x00000000ffa00000|100%| E|CS|TAMS 0x00000000ff900000| PB 0x00000000ff900000| Complete |  0
|1960|0x00000000ffa00000, 0x00000000ffb00000, 0x00000000ffb00000|100%| O|  |TAMS 0x00000000ffa00000| PB 0x00000000ffa00000| Untracked |  0
|1961|0x00000000ffb00000, 0x00000000ffc00000, 0x00000000ffc00000|100%| O|Cm|TAMS 0x00000000ffb00000| PB 0x00000000ffb00000| Complete |  0
|1962|0x00000000ffc00000, 0x00000000ffd00000, 0x00000000ffd00000|100%| O|Cm|TAMS 0x00000000ffc00000| PB 0x00000000ffc00000| Complete |  0
|1963|0x00000000ffd00000, 0x00000000ffe00000, 0x00000000ffe00000|100%| O|Cm|TAMS 0x00000000ffd00000| PB 0x00000000ffd00000| Complete |  0
|1964|0x00000000ffe00000, 0x00000000fff00000, 0x00000000fff00000|100%| O|  |TAMS 0x00000000ffe00000| PB 0x00000000ffe00000| Untracked |  0
|1965|0x00000000fff00000, 0x0000000100000000, 0x0000000100000000|100%| E|CS|TAMS 0x00000000fff00000| PB 0x00000000fff00000| Complete |  0

Card table byte_map: [0x0000022143100000,0x00000221434e0000] _byte_map_base: 0x0000022142cd7000

Marking Bits: (CMBitMap*) 0x000002212ac7a1e0
 Bits: [0x00000221434e0000, 0x0000022145398000)

Polling page: 0x0000022128ea0000

Metaspace:
Metaspace        used 35701K, committed 36288K, reserved 1114112K
 class space     used 3370K, committed 3648K, reserved 1048576K

Usage:
  Non-class:     31.57 MB used.
      Class:      3.29 MB used.
       Both:     34.87 MB used.

Virtual space:
  Non-class space:       64.00 MB reserved,      31.88 MB ( 50%) committed,  1 nodes.
      Class space:        1.00 GB reserved,       3.56 MB ( <1%) committed,  1 nodes.
             Both:        1.06 GB reserved,      35.44 MB (  3%) committed. 

Chunk freelists:
   Non-Class:  15.22 MB
       Class:  12.49 MB
        Both:  27.71 MB

MaxMetaspaceSize: unlimited
CompressedClassSpaceSize: 1.00 GB
Initial GC threshold: 21.00 MB
Current GC threshold: 57.75 MB
CDS: on
 - commit_granule_bytes: 65536.
 - commit_granule_words: 8192.
 - virtual_space_node_default_size: 8388608.
 - enlarge_chunks_in_place: 1.
UseCompressedClassPointers 1, UseCompactObjectHeaders 0
Narrow klass pointer bits 32, Max shift 3
Narrow klass base: 0x000000000e000000, Narrow klass shift: 0
Encoding Range: [0x000000000e000000 - 0x000000010e000000), (4294967296 bytes)
Klass Range:    [0x000000000e010000 - 0x000000004f000000), (1090453504 bytes)
Klass ID Range:  [65536 - 1090519033) (1090453497)
Protection zone: [0x000000000e000000 - 0x000000000e010000), (65536 bytes)


Internal statistics:

num_allocs_failed_limit: 3.
num_arena_births: 460.
num_arena_deaths: 4.
num_vsnodes_births: 2.
num_vsnodes_deaths: 0.
num_space_committed: 583.
num_space_uncommitted: 9.
num_chunks_returned_to_freelist: 89.
num_chunks_taken_from_freelist: 1871.
num_chunk_merges: 22.
num_chunk_splits: 1308.
num_chunks_enlarged: 1008.
num_inconsistent_stats: 0.

CodeHeap 'non-profiled nmethods': size=119232Kb used=4087Kb max_used=4775Kb free=115144Kb
 bounds [0x000002213b030000, 0x000002213b500000, 0x00000221424a0000]
CodeHeap 'profiled nmethods': size=119104Kb used=16094Kb max_used=18589Kb free=103009Kb
 bounds [0x00000221334a0000, 0x00000221346d0000, 0x000002213a8f0000]
CodeHeap 'non-nmethods': size=7424Kb used=2064Kb max_used=3348Kb free=5359Kb
 bounds [0x000002213a8f0000, 0x000002213ac50000, 0x000002213b030000]
CodeCache: size=245760Kb, used=22245Kb, max_used=26712Kb, free=223512Kb
 total_blobs=9818, nmethods=9185, adapters=535, full_count=0
Compilation: enabled, stopped_count=0, restarted_count=0

Compilation events (20 events):
Event: 11.284 Thread 0x00000221481a4f20 11072       3       org.apache.maven.surefire.api.stream.AbstractStreamDecoder::readMessageType (169 bytes)
Event: 11.285 Thread 0x00000221481a4f20 nmethod 11072 0x00000221340de588 code [0x00000221340de680, 0x00000221340e0070]
Event: 11.286 Thread 0x00000221481a4f20 11076       3       org.apache.maven.surefire.api.stream.AbstractStreamDecoder$BufferedStream::write (111 bytes)
Event: 11.286 Thread 0x000002214d901370 11071   !   3       org.apache.maven.surefire.stream.EventDecoder::decode (399 bytes)
Event: 11.286 Thread 0x00000221481a4f20 nmethod 11076 0x0000022133728c88 code [0x0000022133728d80, 0x0000022133729688]
Event: 11.286 Thread 0x00000221481a4f20 11073       3       org.apache.maven.surefire.stream.EventDecoder::getEncodedMagicNumber (4 bytes)
Event: 11.287 Thread 0x00000221481a1a30 11082   !   4       java.nio.CharBuffer::wrap (21 bytes)
Event: 11.287 Thread 0x00000221481a4f20 nmethod 11073 0x0000022133b88608 code [0x0000022133b88700, 0x0000022133b88810]
Event: 11.287 Thread 0x00000221481a4f20 11074       3       org.apache.maven.surefire.api.stream.AbstractStreamDecoder$Memento::reset (15 bytes)
Event: 11.287 Thread 0x00000221481a4f20 nmethod 11074 0x0000022133a9d988 code [0x0000022133a9da80, 0x0000022133a9dc80]
Event: 11.287 Thread 0x00000221481a4f20 11075       3       org.apache.maven.surefire.api.stream.AbstractStreamDecoder$MalformedFrameException::hasValidPositions (34 bytes)
Event: 11.287 Thread 0x00000221481a4f20 nmethod 11075 0x0000022133e09f08 code [0x0000022133e0a000, 0x0000022133e0a1b8]
Event: 11.287 Thread 0x00000221481a4f20 11079       3       org.apache.maven.surefire.api.stream.AbstractStreamDecoder$MalformedFrameException::<init> (15 bytes)
Event: 11.287 Thread 0x00000221481a4f20 nmethod 11079 0x0000022133e6b808 code [0x0000022133e6b900, 0x0000022133e6bac8]
Event: 11.287 Thread 0x00000221481a4f20 11077       3       org.apache.maven.surefire.api.stream.AbstractStreamDecoder$BufferedStream::ensureCapacity (53 bytes)
Event: 11.287 Thread 0x00000221481a4f20 nmethod 11077 0x0000022133fdaa08 code [0x0000022133fdab00, 0x0000022133fdae70]
Event: 11.287 Thread 0x00000221481a4f20 11078   !   3       org.apache.maven.surefire.api.stream.AbstractStreamDecoder::checkHeader (123 bytes)
Event: 11.288 Thread 0x00000221481a4f20 nmethod 11078 0x0000022133561b08 code [0x0000022133561c00, 0x0000022133562c60]
Event: 11.288 Thread 0x00000221481a4f20 11081       1       sun.util.calendar.CalendarDate::getYear (5 bytes)
Event: 11.289 Thread 0x00000221481a4f20 nmethod 11081 0x000002213b295f08 code [0x000002213b296000, 0x000002213b2960c8]

GC Heap Usage History (20 events):
Event: 3.809 {heap Before GC invocations=4 (full 0):
 garbage-first heap   total reserved 2013184K, committed 129024K, used 36337K [0x0000000085200000, 0x0000000100000000)
  region size 1024K, 20 young (20480K), 10 survivors (10240K)
}
Event: 3.815 {heap After GC invocations=5 (full 0):
 garbage-first heap   total reserved 2013184K, committed 129024K, used 29313K [0x0000000085200000, 0x0000000100000000)
  region size 1024K, 8 young (8192K), 8 survivors (8192K)
}
Event: 4.484 {heap Before GC invocations=6 (full 0):
 garbage-first heap   total reserved 2013184K, committed 102400K, used 83585K [0x0000000085200000, 0x0000000100000000)
  region size 1024K, 60 young (61440K), 8 survivors (8192K)
}
Event: 4.507 {heap After GC invocations=7 (full 0):
 garbage-first heap   total reserved 2013184K, committed 108544K, used 42127K [0x0000000085200000, 0x0000000100000000)
  region size 1024K, 8 young (8192K), 8 survivors (8192K)
}
Event: 5.162 {heap Before GC invocations=7 (full 0):
 garbage-first heap   total reserved 2013184K, committed 108544K, used 81039K [0x0000000085200000, 0x0000000100000000)
  region size 1024K, 47 young (48128K), 8 survivors (8192K)
}
Event: 5.178 {heap After GC invocations=8 (full 0):
 garbage-first heap   total reserved 2013184K, committed 108544K, used 47097K [0x0000000085200000, 0x0000000100000000)
  region size 1024K, 5 young (5120K), 5 survivors (5120K)
}
Event: 5.621 {heap Before GC invocations=8 (full 0):
 garbage-first heap   total reserved 2013184K, committed 108544K, used 86009K [0x0000000085200000, 0x0000000100000000)
  region size 1024K, 43 young (44032K), 5 survivors (5120K)
}
Event: 5.629 {heap After GC invocations=9 (full 0):
 garbage-first heap   total reserved 2013184K, committed 131072K, used 48633K [0x0000000085200000, 0x0000000100000000)
  region size 1024K, 2 young (2048K), 2 survivors (2048K)
}
Event: 6.471 {heap Before GC invocations=9 (full 0):
 garbage-first heap   total reserved 2013184K, committed 131072K, used 104953K [0x0000000085200000, 0x0000000100000000)
  region size 1024K, 57 young (58368K), 2 survivors (2048K)
}
Event: 6.478 {heap After GC invocations=10 (full 0):
 garbage-first heap   total reserved 2013184K, committed 131072K, used 50117K [0x0000000085200000, 0x0000000100000000)
  region size 1024K, 3 young (3072K), 3 survivors (3072K)
}
Event: 7.154 {heap Before GC invocations=10 (full 0):
 garbage-first heap   total reserved 2013184K, committed 131072K, used 114629K [0x0000000085200000, 0x0000000100000000)
  region size 1024K, 60 young (61440K), 3 survivors (3072K)
}
Event: 7.169 {heap After GC invocations=11 (full 0):
 garbage-first heap   total reserved 2013184K, committed 137216K, used 72632K [0x0000000085200000, 0x0000000100000000)
  region size 1024K, 8 young (8192K), 8 survivors (8192K)
}
Event: 7.638 {heap Before GC invocations=11 (full 0):
 garbage-first heap   total reserved 2013184K, committed 137216K, used 110520K [0x0000000085200000, 0x0000000100000000)
  region size 1024K, 46 young (47104K), 8 survivors (8192K)
}
Event: 7.652 {heap After GC invocations=12 (full 0):
 garbage-first heap   total reserved 2013184K, committed 137216K, used 80889K [0x0000000085200000, 0x0000000100000000)
  region size 1024K, 6 young (6144K), 6 survivors (6144K)
}
Event: 7.966 {heap Before GC invocations=13 (full 0):
 garbage-first heap   total reserved 2013184K, committed 137216K, used 114681K [0x0000000085200000, 0x0000000100000000)
  region size 1024K, 40 young (40960K), 6 survivors (6144K)
}
Event: 7.971 {heap After GC invocations=14 (full 0):
 garbage-first heap   total reserved 2013184K, committed 137216K, used 82299K [0x0000000085200000, 0x0000000100000000)
  region size 1024K, 2 young (2048K), 2 survivors (2048K)
}
Event: 8.284 {heap Before GC invocations=14 (full 0):
 garbage-first heap   total reserved 2013184K, committed 137216K, used 118139K [0x0000000085200000, 0x0000000100000000)
  region size 1024K, 37 young (37888K), 2 survivors (2048K)
}
Event: 8.293 {heap After GC invocations=15 (full 0):
 garbage-first heap   total reserved 2013184K, committed 137216K, used 73388K [0x0000000085200000, 0x0000000100000000)
  region size 1024K, 2 young (2048K), 2 survivors (2048K)
}
Event: 8.951 {heap Before GC invocations=15 (full 0):
 garbage-first heap   total reserved 2013184K, committed 137216K, used 117420K [0x0000000085200000, 0x0000000100000000)
  region size 1024K, 45 young (46080K), 2 survivors (2048K)
}
Event: 8.955 {heap After GC invocations=16 (full 0):
 garbage-first heap   total reserved 2013184K, committed 164864K, used 74909K [0x0000000085200000, 0x0000000100000000)
  region size 1024K, 4 young (4096K), 4 survivors (4096K)
}

Metaspace Usage History (20 events):
Event: 3.809 {metaspace Before GC invocations=4 (full 0):
 Metaspace       used 21261K, committed 21504K, reserved 1114112K
  class space    used 1988K, committed 2112K, reserved 1048576K
}
Event: 3.815 {metaspace After GC invocations=5 (full 0):
 Metaspace       used 21261K, committed 21504K, reserved 1114112K
  class space    used 1988K, committed 2112K, reserved 1048576K
}
Event: 4.484 {metaspace Before GC invocations=6 (full 0):
 Metaspace       used 26679K, committed 27008K, reserved 1114112K
  class space    used 2522K, committed 2688K, reserved 1048576K
}
Event: 4.507 {metaspace After GC invocations=7 (full 0):
 Metaspace       used 26679K, committed 27008K, reserved 1114112K
  class space    used 2522K, committed 2688K, reserved 1048576K
}
Event: 5.162 {metaspace Before GC invocations=7 (full 0):
 Metaspace       used 28380K, committed 28736K, reserved 1114112K
  class space    used 2685K, committed 2816K, reserved 1048576K
}
Event: 5.178 {metaspace After GC invocations=8 (full 0):
 Metaspace       used 28380K, committed 28736K, reserved 1114112K
  class space    used 2685K, committed 2816K, reserved 1048576K
}
Event: 5.621 {metaspace Before GC invocations=8 (full 0):
 Metaspace       used 29886K, committed 30272K, reserved 1114112K
  class space    used 2831K, committed 3008K, reserved 1048576K
}
Event: 5.629 {metaspace After GC invocations=9 (full 0):
 Metaspace       used 29886K, committed 30272K, reserved 1114112K
  class space    used 2831K, committed 3008K, reserved 1048576K
}
Event: 6.471 {metaspace Before GC invocations=9 (full 0):
 Metaspace       used 31947K, committed 32384K, reserved 1114112K
  class space    used 3055K, committed 3200K, reserved 1048576K
}
Event: 6.478 {metaspace After GC invocations=10 (full 0):
 Metaspace       used 31947K, committed 32384K, reserved 1114112K
  class space    used 3055K, committed 3200K, reserved 1048576K
}
Event: 7.154 {metaspace Before GC invocations=10 (full 0):
 Metaspace       used 32308K, committed 32768K, reserved 1114112K
  class space    used 3088K, committed 3264K, reserved 1048576K
}
Event: 7.169 {metaspace After GC invocations=11 (full 0):
 Metaspace       used 32308K, committed 32768K, reserved 1114112K
  class space    used 3088K, committed 3264K, reserved 1048576K
}
Event: 7.638 {metaspace Before GC invocations=11 (full 0):
 Metaspace       used 32818K, committed 33344K, reserved 1114112K
  class space    used 3140K, committed 3328K, reserved 1048576K
}
Event: 7.652 {metaspace After GC invocations=12 (full 0):
 Metaspace       used 32818K, committed 33344K, reserved 1114112K
  class space    used 3140K, committed 3328K, reserved 1048576K
}
Event: 7.966 {metaspace Before GC invocations=13 (full 0):
 Metaspace       used 33721K, committed 34176K, reserved 1114112K
  class space    used 3221K, committed 3392K, reserved 1048576K
}
Event: 7.971 {metaspace After GC invocations=14 (full 0):
 Metaspace       used 33721K, committed 34176K, reserved 1114112K
  class space    used 3221K, committed 3392K, reserved 1048576K
}
Event: 8.284 {metaspace Before GC invocations=14 (full 0):
 Metaspace       used 34020K, committed 34560K, reserved 1114112K
  class space    used 3248K, committed 3456K, reserved 1048576K
}
Event: 8.293 {metaspace After GC invocations=15 (full 0):
 Metaspace       used 34020K, committed 34560K, reserved 1114112K
  class space    used 3248K, committed 3456K, reserved 1048576K
}
Event: 8.951 {metaspace Before GC invocations=15 (full 0):
 Metaspace       used 35870K, committed 36352K, reserved 1114112K
  class space    used 3375K, committed 3584K, reserved 1048576K
}
Event: 8.955 {metaspace After GC invocations=16 (full 0):
 Metaspace       used 35870K, committed 36352K, reserved 1114112K
  class space    used 3375K, committed 3584K, reserved 1048576K
}

Dll operation events (7 events):
Event: 0.007 Loaded shared library C:\Program Files\Java\jdk-25\bin\java.dll
Event: 0.036 Loaded shared library C:\Program Files\Java\jdk-25\bin\net.dll
Event: 0.037 Loaded shared library C:\Program Files\Java\jdk-25\bin\nio.dll
Event: 0.040 Loaded shared library C:\Program Files\Java\jdk-25\bin\zip.dll
Event: 0.224 Loaded shared library C:\Program Files\Java\jdk-25\bin\jimage.dll
Event: 0.227 Loaded shared library C:\maven\apache-maven-3.9.16\lib\jansi-native\Windows\x86_64\jansi.dll
Event: 0.245 Loaded shared library C:\Program Files\Java\jdk-25\bin\verify.dll

Deoptimization events (20 events):
Event: 9.126 Thread 0x00000221507d46f0 Uncommon trap: trap_request=0xffffffc6 fr.pc=0x000002213b25da04 relative=0x0000000000000784
Event: 9.126 Thread 0x00000221507d46f0 Uncommon trap: reason=bimorphic_or_optimized_type_check action=maybe_recompile pc=0x000002213b25da04 method=java.util.regex.Matcher.getTextLength()I @ 4 c2
Event: 9.126 Thread 0x00000221507d46f0 DEOPT PACKING pc=0x000002213b25da04 sp=0x00000038b46ff100
Event: 9.126 Thread 0x00000221507d46f0 DEOPT UNPACKING pc=0x000002213aa11082 sp=0x00000038b46fef78 mode 2
Event: 9.127 Thread 0x00000221507d46f0 Uncommon trap: trap_request=0xffffff45 fr.pc=0x000002213b075e48 relative=0x00000000000001c8
Event: 9.127 Thread 0x00000221507d46f0 Uncommon trap: reason=unstable_if action=reinterpret pc=0x000002213b075e48 method=java.lang.String.indexOf(Ljava/lang/String;)I @ 10 c2
Event: 9.127 Thread 0x00000221507d46f0 DEOPT PACKING pc=0x000002213b075e48 sp=0x00000038b46ff010
Event: 9.127 Thread 0x00000221507d46f0 DEOPT UNPACKING pc=0x000002213aa11082 sp=0x00000038b46fefb0 mode 2
Event: 9.127 Thread 0x00000221507d46f0 Uncommon trap: trap_request=0xffffff45 fr.pc=0x000002213b12c928 relative=0x00000000000007a8
Event: 9.127 Thread 0x00000221507d46f0 Uncommon trap: reason=unstable_if action=reinterpret pc=0x000002213b12c928 method=java.lang.String.getBytes([BIB)V @ 5 c2
Event: 9.127 Thread 0x00000221507d46f0 DEOPT PACKING pc=0x000002213b12c928 sp=0x00000038b46fefb0
Event: 9.127 Thread 0x00000221507d46f0 DEOPT UNPACKING pc=0x000002213aa11082 sp=0x00000038b46feeb0 mode 2
Event: 9.127 Thread 0x00000221507d46f0 Uncommon trap: trap_request=0xffffff45 fr.pc=0x000002213b180c30 relative=0x00000000000000b0
Event: 9.127 Thread 0x00000221507d46f0 Uncommon trap: reason=unstable_if action=reinterpret pc=0x000002213b180c30 method=java.lang.String.codePointAt(I)I @ 4 c2
Event: 9.127 Thread 0x00000221507d46f0 DEOPT PACKING pc=0x000002213b180c30 sp=0x00000038b46fef60
Event: 9.127 Thread 0x00000221507d46f0 DEOPT UNPACKING pc=0x000002213aa11082 sp=0x00000038b46feee8 mode 2
Event: 9.127 Thread 0x00000221507d46f0 Uncommon trap: trap_request=0xffffffc6 fr.pc=0x000002213b1e6cd8 relative=0x0000000000000258
Event: 9.127 Thread 0x00000221507d46f0 Uncommon trap: reason=bimorphic_or_optimized_type_check action=maybe_recompile pc=0x000002213b1e6cd8 method=java.util.regex.Matcher.getTextLength()I @ 4 c2
Event: 9.127 Thread 0x00000221507d46f0 DEOPT PACKING pc=0x000002213b1e6cd8 sp=0x00000038b46ff050
Event: 9.127 Thread 0x00000221507d46f0 DEOPT UNPACKING pc=0x000002213aa11082 sp=0x00000038b46fef80 mode 2

Classes loaded (20 events):
Event: 9.113 Loading class sun/util/logging/PlatformLogger$ConfigurableBridge$LoggerConfiguration done
Event: 9.113 Loading class sun/util/logging/internal/LoggingProviderImpl$JULWrapper done
Event: 9.113 Loading class java/lang/System$Logger$Level
Event: 9.113 Loading class java/lang/System$Logger$Level done
Event: 9.114 Loading class java/nio/channels/ClosedChannelException
Event: 9.114 Loading class java/nio/channels/ClosedChannelException done
Event: 9.115 Loading class java/nio/channels/NonReadableChannelException
Event: 9.115 Loading class java/nio/channels/NonReadableChannelException done
Event: 9.115 Loading class java/nio/channels/NonWritableChannelException
Event: 9.115 Loading class java/nio/channels/NonWritableChannelException done
Event: 9.124 Loading class java/util/Scanner
Event: 9.125 Loading class java/util/Scanner done
Event: 9.126 Loading class java/util/Scanner$PatternLRUCache
Event: 9.126 Loading class java/util/Scanner$PatternLRUCache done
Event: 11.279 Loading class java/util/concurrent/ThreadLocalRandom$Access
Event: 11.279 Loading class java/util/concurrent/ThreadLocalRandom$Access done
Event: 11.279 Loading class java/util/concurrent/ThreadLocalRandom$Access$1
Event: 11.279 Loading class jdk/internal/access/JavaUtilConcurrentTLRAccess
Event: 11.279 Loading class jdk/internal/access/JavaUtilConcurrentTLRAccess done
Event: 11.279 Loading class java/util/concurrent/ThreadLocalRandom$Access$1 done

Classes unloaded (20 events):
Event: 8.973 Thread 0x0000022148179960 Unloading class 0x000000000f2c3000 'lombok/javac/apt/MessagerDiagnosticsReceiver'
Event: 8.973 Thread 0x0000022148179960 Unloading class 0x000000000f2c1a18 'lombok/javac/apt/InterceptingJavaFileManager'
Event: 8.973 Thread 0x0000022148179960 Unloading class 0x000000000f2c1800 'lombok/permit/dummy/Parent'
Event: 8.973 Thread 0x0000022148179960 Unloading class 0x000000000f2c0c00 'lombok/core/CleanupRegistry'
Event: 8.973 Thread 0x0000022148179960 Unloading class 0x000000000f2c09e8 'lombok/permit/Permit$Fake'
Event: 8.973 Thread 0x0000022148179960 Unloading class 0x000000000f2c07d8 'lombok/permit/Permit'
Event: 8.973 Thread 0x0000022148179960 Unloading class 0x000000000f2c04e0 'lombok/javac/apt/LombokProcessor$1'
Event: 8.973 Thread 0x0000022148179960 Unloading class 0x000002214a8ec538 'lombok/core/DiagnosticsReceiver'
Event: 8.973 Thread 0x0000022148179960 Unloading class 0x000000000f2c0240 'lombok/javac/apt/LombokProcessor'
Event: 8.973 Thread 0x0000022148179960 Unloading class 0x000000000f2c0000 'lombok/core/AnnotationProcessor$EcjDescriptor'
Event: 8.973 Thread 0x0000022148179960 Unloading class 0x000000000f2bdc90 'lombok/core/AnnotationProcessor$JavacDescriptor'
Event: 8.973 Thread 0x0000022148179960 Unloading class 0x000002214a8e6370 'lombok/core/AnnotationProcessor$ProcessorDescriptor'
Event: 8.973 Thread 0x0000022148179960 Unloading class 0x000000000f2bd800 'lombok/core/AnnotationProcessor'
Event: 8.973 Thread 0x0000022148179960 Unloading class 0x000000000f30a000 'lombok/launch/AnnotationProcessorHider$ClaimingProcessor'
Event: 8.973 Thread 0x0000022148179960 Unloading class 0x000000000f2bd4b8 'lombok/launch/AnnotationProcessorHider$AstModificationNotifierData'
Event: 8.973 Thread 0x0000022148179960 Unloading class 0x000000000f2bd228 'lombok/launch/ClassFileMetaData'
Event: 8.973 Thread 0x0000022148179960 Unloading class 0x000000000f2bd000 'lombok/launch/PackageShader'
Event: 8.973 Thread 0x0000022148179960 Unloading class 0x000000000f2944a0 'lombok/launch/ShadowClassLoader'
Event: 8.973 Thread 0x0000022148179960 Unloading class 0x000000000f294290 'lombok/launch/Main'
Event: 8.973 Thread 0x0000022148179960 Unloading class 0x000000000f294000 'lombok/launch/AnnotationProcessorHider$AnnotationProcessor'

Classes redefined (0 events):
No events

Internal exceptions (20 events):
Event: 8.353 Thread 0x000002212ac1f7e0 Exception <a 'sun/nio/fs/WindowsException'{0x000000008c86d040}> (0x000000008c86d040) 
thrown [s\open\src\hotspot\share\prims\jni.cpp, line 516]
Event: 8.353 Thread 0x000002212ac1f7e0 Exception <a 'sun/nio/fs/WindowsException'{0x000000008c86d770}> (0x000000008c86d770) 
thrown [s\open\src\hotspot\share\prims\jni.cpp, line 516]
Event: 8.364 Thread 0x000002212ac1f7e0 Exception <a 'sun/nio/fs/WindowsException'{0x000000008c700c28}> (0x000000008c700c28) 
thrown [s\open\src\hotspot\share\prims\jni.cpp, line 516]
Event: 8.364 Thread 0x000002212ac1f7e0 Exception <a 'sun/nio/fs/WindowsException'{0x000000008c701da0}> (0x000000008c701da0) 
thrown [s\open\src\hotspot\share\prims\jni.cpp, line 516]
Event: 8.364 Thread 0x000002212ac1f7e0 Exception <a 'sun/nio/fs/WindowsException'{0x000000008c70ef08}> (0x000000008c70ef08) 
thrown [s\open\src\hotspot\share\prims\jni.cpp, line 516]
Event: 8.364 Thread 0x000002212ac1f7e0 Exception <a 'sun/nio/fs/WindowsException'{0x000000008c731f80}> (0x000000008c731f80) 
thrown [s\open\src\hotspot\share\prims\jni.cpp, line 516]
Event: 8.402 Thread 0x000002212ac1f7e0 Exception <a 'sun/nio/fs/WindowsException'{0x000000008c432778}> (0x000000008c432778) 
thrown [s\open\src\hotspot\share\prims\jni.cpp, line 516]
Event: 8.402 Thread 0x000002212ac1f7e0 Exception <a 'sun/nio/fs/WindowsException'{0x000000008c432e40}> (0x000000008c432e40) 
thrown [s\open\src\hotspot\share\prims\jni.cpp, line 516]
Event: 8.402 Thread 0x000002212ac1f7e0 Exception <a 'sun/nio/fs/WindowsException'{0x000000008c433c78}> (0x000000008c433c78) 
thrown [s\open\src\hotspot\share\prims\jni.cpp, line 516]
Event: 8.480 Thread 0x000002212ac1f7e0 Exception <a 'sun/nio/fs/WindowsException'{0x000000008bfa2fd8}> (0x000000008bfa2fd8) 
thrown [s\open\src\hotspot\share\prims\jni.cpp, line 516]
Event: 8.480 Thread 0x000002212ac1f7e0 Exception <a 'sun/nio/fs/WindowsException'{0x000000008bfa3690}> (0x000000008bfa3690) 
thrown [s\open\src\hotspot\share\prims\jni.cpp, line 516]
Event: 8.480 Thread 0x000002212ac1f7e0 Exception <a 'sun/nio/fs/WindowsException'{0x000000008bfa4438}> (0x000000008bfa4438) 
thrown [s\open\src\hotspot\share\prims\jni.cpp, line 516]
Event: 8.839 Thread 0x000002214d1cd3c0 Exception <a 'java/lang/NoSuchMethodError'{0x000000008a9460c8}: 'java.lang.Object java.lang.invoke.DirectMethodHandle$Holder.invokeStatic(java.lang.Object, long, java.lang.Object)'> (0x000000008a9460c8) 
thrown [s\open\src\hotspot\share\interpreter\linkResolver.cpp, line 804]
Event: 8.840 Thread 0x000002214d1cd3c0 Exception <a 'java/lang/NoSuchMethodError'{0x000000008a9ce3c0}: 'java.lang.Object java.lang.invoke.DirectMethodHandle$Holder.invokeStaticInit(java.lang.Object, long, java.lang.Object)'> (0x000000008a9ce3c0) 
thrown [s\open\src\hotspot\share\interpreter\linkResolver.cpp, line 804]
Event: 8.840 Thread 0x000002214d1cd3c0 Exception <a 'java/lang/NoSuchMethodError'{0x000000008a9dd670}: 'java.lang.Object java.lang.invoke.DirectMethodHandle$Holder.newInvokeSpecial(java.lang.Object, long)'> (0x000000008a9dd670) 
thrown [s\open\src\hotspot\share\interpreter\linkResolver.cpp, line 804]
Event: 8.844 Thread 0x000002214d1cd3c0 Exception <a 'java/lang/NoSuchMethodError'{0x000000008a9e7530}: 'long java.lang.invoke.DirectMethodHandle$Holder.invokeInterface(java.lang.Object, java.lang.Object)'> (0x000000008a9e7530) 
thrown [s\open\src\hotspot\share\interpreter\linkResolver.cpp, line 804]
Event: 8.845 Thread 0x000002214d1cd3c0 Exception <a 'java/lang/NoSuchMethodError'{0x000000008a9ef730}: 'long java.lang.invoke.DelegatingMethodHandle$Holder.reinvoke_L(java.lang.Object, java.lang.Object)'> (0x000000008a9ef730) 
thrown [s\open\src\hotspot\share\interpreter\linkResolver.cpp, line 804]
Event: 8.887 Thread 0x000002212ac1f7e0 Exception <a 'java/lang/NoSuchMethodError'{0x000000008a7dba68}: 'java.lang.Object java.lang.invoke.DirectMethodHandle$Holder.invokeStaticInit(java.lang.Object, java.lang.Object, int, int, int, int)'> (0x000000008a7dba68) 
thrown [s\open\src\hotspot\share\interpreter\linkResolver.cpp, line 804]
Event: 9.015 Thread 0x000002212ac1f7e0 Exception <a 'java/lang/NoSuchMethodError'{0x00000000ff836818}: 'long java.lang.invoke.DirectMethodHandle$Holder.invokeSpecial(java.lang.Object, java.lang.Object)'> (0x00000000ff836818) 
thrown [s\open\src\hotspot\share\interpreter\linkResolver.cpp, line 804]
Event: 9.110 Thread 0x000002212ac1f7e0 Exception <a 'java/lang/NoSuchMethodError'{0x000000008e2f9ab8}: 'void java.lang.invoke.DirectMethodHandle$Holder.invokeStatic(java.lang.Object, long)'> (0x000000008e2f9ab8) 
thrown [s\open\src\hotspot\share\interpreter\linkResolver.cpp, line 804]

VM Operations (20 events):
Event: 8.873 Executing non-safepoint VM operation: HandshakeAllThreads (Deoptimize)
Event: 8.873 Executing non-safepoint VM operation: HandshakeAllThreads (Deoptimize) done
Event: 8.950 Executing non-safepoint VM operation: HandshakeAllThreads (Deoptimize)
Event: 8.950 Executing non-safepoint VM operation: HandshakeAllThreads (Deoptimize) done
Event: 8.951 Executing safepoint VM operation: G1CollectForAllocation (G1 Evacuation Pause)
Event: 8.955 Executing safepoint VM operation: G1CollectForAllocation (G1 Evacuation Pause) done
Event: 8.971 Executing safepoint VM operation: G1PauseRemark
Event: 8.985 Executing safepoint VM operation: G1PauseRemark done
Event: 8.992 Executing safepoint VM operation: G1PauseCleanup
Event: 8.992 Executing safepoint VM operation: G1PauseCleanup done
Event: 9.028 Executing non-safepoint VM operation: HandshakeAllThreads (Deoptimize)
Event: 9.028 Executing non-safepoint VM operation: HandshakeAllThreads (Deoptimize) done
Event: 9.033 Executing non-safepoint VM operation: HandshakeAllThreads (Deoptimize)
Event: 9.033 Executing non-safepoint VM operation: HandshakeAllThreads (Deoptimize) done
Event: 9.040 Executing non-safepoint VM operation: HandshakeAllThreads (Deoptimize)
Event: 9.040 Executing non-safepoint VM operation: HandshakeAllThreads (Deoptimize) done
Event: 9.053 Executing non-safepoint VM operation: HandshakeAllThreads (Deoptimize)
Event: 9.053 Executing non-safepoint VM operation: HandshakeAllThreads (Deoptimize) done
Event: 9.054 Executing non-safepoint VM operation: HandshakeAllThreads (Deoptimize)
Event: 9.054 Executing non-safepoint VM operation: HandshakeAllThreads (Deoptimize) done

Memory protections (0 events):
No events

Nmethod flushes (20 events):
Event: 8.983 Thread 0x0000022148179960 flushing  nmethod 0x00000221343de308
Event: 8.983 Thread 0x0000022148179960 flushing  nmethod 0x00000221343e5e08
Event: 8.983 Thread 0x0000022148179960 flushing  nmethod 0x00000221343e6108
Event: 8.983 Thread 0x0000022148179960 flushing  nmethod 0x00000221343e6408
Event: 8.983 Thread 0x0000022148179960 flushing  nmethod 0x00000221343e7108
Event: 8.983 Thread 0x0000022148179960 flushing  nmethod 0x0000022134408f08
Event: 8.983 Thread 0x0000022148179960 flushing  nmethod 0x0000022134426908
Event: 8.983 Thread 0x0000022148179960 flushing  nmethod 0x0000022134427888
Event: 8.983 Thread 0x0000022148179960 flushing  nmethod 0x0000022134428788
Event: 8.983 Thread 0x0000022148179960 flushing  nmethod 0x0000022134428a88
Event: 8.983 Thread 0x0000022148179960 flushing  nmethod 0x0000022134428d88
Event: 8.983 Thread 0x0000022148179960 flushing  nmethod 0x000002213442b508
Event: 8.983 Thread 0x0000022148179960 flushing  nmethod 0x000002213442ca88
Event: 8.983 Thread 0x0000022148179960 flushing  nmethod 0x0000022134454588
Event: 8.983 Thread 0x0000022148179960 flushing  nmethod 0x0000022134455a88
Event: 8.983 Thread 0x0000022148179960 flushing  nmethod 0x0000022134492308
Event: 8.983 Thread 0x0000022148179960 flushing  nmethod 0x0000022134495408
Event: 8.983 Thread 0x0000022148179960 flushing  nmethod 0x0000022134496088
Event: 8.983 Thread 0x0000022148179960 flushing  nmethod 0x00000221344ae908
Event: 8.983 Thread 0x0000022148179960 flushing  nmethod 0x0000022134548288

Events (20 events):
Event: 7.485 Thread 0x000002214d6e1d40 Thread added: 0x000002214e125dc0
Event: 7.725 Thread 0x000002214e125dc0 Thread exited: 0x000002214e125dc0
Event: 7.739 Thread 0x000002214d8ff330 Thread exited: 0x000002214d8ff330
Event: 7.911 Thread 0x000002214d6e1d40 Thread added: 0x000002214e127e00
Event: 8.175 Thread 0x00000221485cb730 Thread added: 0x000002214e12b670
Event: 8.811 Thread 0x000002212ac1f7e0 Thread added: 0x000002214d1cd3c0
Event: 8.846 Thread 0x000002214d1cd3c0 Thread exited: 0x000002214d1cd3c0
Event: 8.950 Thread 0x000002212ac1f7e0 Thread added: 0x000002214e3e54e0
Event: 8.960 Thread 0x000002212ac1f7e0 Thread added: 0x00000221507d1810
Event: 9.093 Thread 0x000002212ac1f7e0 Thread added: 0x00000221507d3750
Event: 9.124 Thread 0x000002212ac1f7e0 Thread added: 0x00000221507d46f0
Event: 9.124 Thread 0x000002212ac1f7e0 Thread added: 0x00000221507d2f80
Event: 9.131 Thread 0x000002212ac1f7e0 Thread added: 0x00000221507d4ec0
Event: 9.258 Thread 0x000002214e12b670 Thread exited: 0x000002214e12b670
Event: 9.259 Thread 0x000002214e127e00 Thread exited: 0x000002214e127e00
Event: 9.259 Thread 0x000002214d230f40 Thread exited: 0x000002214d230f40
Event: 9.961 Thread 0x000002214d6e1d40 Thread exited: 0x000002214d6e1d40
Event: 10.134 Thread 0x00000221485cb730 Thread exited: 0x00000221485cb730
Event: 10.134 Thread 0x000002214820e500 Thread exited: 0x000002214820e500
Event: 11.286 Thread 0x00000221481a4f20 Thread added: 0x000002214d901370


Dynamic libraries:
0x00007ff62eb60000 - 0x00007ff62eb70000 	C:\Program Files\Java\jdk-25\bin\java.exe
0x00007ffa00060000 - 0x00007ffa002c6000 	C:\WINDOWS\SYSTEM32\ntdll.dll
0x00007ff9ff6e0000 - 0x00007ff9ff7a9000 	C:\WINDOWS\System32\KERNEL32.DLL
0x00007ff9fd2f0000 - 0x00007ff9fd6ea000 	C:\WINDOWS\System32\KERNELBASE.dll
0x00007ff9fdb50000 - 0x00007ff9fdc9c000 	C:\WINDOWS\System32\ucrtbase.dll
0x00007ff9f4080000 - 0x00007ff9f409e000 	C:\Program Files\Java\jdk-25\bin\VCRUNTIME140.dll
0x00007ff9f40a0000 - 0x00007ff9f40b7000 	C:\Program Files\Java\jdk-25\bin\jli.dll
0x00007ff9ffe50000 - 0x00007ffa00017000 	C:\WINDOWS\System32\USER32.dll
0x00007ff9fd6f0000 - 0x00007ff9fd717000 	C:\WINDOWS\System32\win32u.dll
0x00007ff9d9210000 - 0x00007ff9d94a2000 	C:\WINDOWS\WinSxS\amd64_microsoft.windows.common-controls_6595b64144ccf1df_6.0.26100.8521_none_3e08b75ce33403b3\COMCTL32.dll
0x00007ff9ff840000 - 0x00007ff9ff86b000 	C:\WINDOWS\System32\GDI32.dll
0x00007ff9fead0000 - 0x00007ff9feb79000 	C:\WINDOWS\System32\msvcrt.dll
0x00007ff9fdca0000 - 0x00007ff9fddcb000 	C:\WINDOWS\System32\gdi32full.dll
0x00007ff9fd8a0000 - 0x00007ff9fd943000 	C:\WINDOWS\System32\msvcp_win.dll
0x00007ff9fef90000 - 0x00007ff9fefc2000 	C:\WINDOWS\System32\IMM32.DLL
0x00007ff9f75a0000 - 0x00007ff9f75ac000 	C:\Program Files\Java\jdk-25\bin\vcruntime140_1.dll
0x00007ff9f07c0000 - 0x00007ff9f084d000 	C:\Program Files\Java\jdk-25\bin\msvcp140.dll
0x00007ff95c750000 - 0x00007ff95d5af000 	C:\Program Files\Java\jdk-25\bin\server\jvm.dll
0x00007ff9ff1a0000 - 0x00007ff9ff256000 	C:\WINDOWS\System32\ADVAPI32.dll
0x00007ff9ff270000 - 0x00007ff9ff31a000 	C:\WINDOWS\System32\sechost.dll
0x00007ff9feb80000 - 0x00007ff9fec98000 	C:\WINDOWS\System32\RPCRT4.dll
0x00007ff9ff7b0000 - 0x00007ff9ff830000 	C:\WINDOWS\System32\WS2_32.dll
0x00007ff9fd150000 - 0x00007ff9fd1ae000 	C:\WINDOWS\SYSTEM32\POWRPROF.dll
0x00007ff9f1380000 - 0x00007ff9f13b6000 	C:\WINDOWS\SYSTEM32\WINMM.dll
0x00007ff9e9b70000 - 0x00007ff9e9b7b000 	C:\WINDOWS\SYSTEM32\VERSION.dll
0x00007ff9fd130000 - 0x00007ff9fd144000 	C:\WINDOWS\SYSTEM32\UMPDC.dll
0x00007ff9fc080000 - 0x00007ff9fc09b000 	C:\WINDOWS\SYSTEM32\kernel.appcore.dll
0x00007ff9f5760000 - 0x00007ff9f576a000 	C:\Program Files\Java\jdk-25\bin\jimage.dll
0x00007ff9faa00000 - 0x00007ff9fac42000 	C:\WINDOWS\SYSTEM32\DBGHELP.DLL
0x00007ff9fdfb0000 - 0x00007ff9fe333000 	C:\WINDOWS\System32\combase.dll
0x00007ff9ff3e0000 - 0x00007ff9ff4b9000 	C:\WINDOWS\System32\OLEAUT32.dll
0x00007ff9dc790000 - 0x00007ff9dc7cb000 	C:\WINDOWS\SYSTEM32\dbgcore.DLL
0x00007ff9fd950000 - 0x00007ff9fd9f8000 	C:\WINDOWS\System32\bcryptPrimitives.dll
0x00007ff9f4060000 - 0x00007ff9f407f000 	C:\Program Files\Java\jdk-25\bin\java.dll
0x00007ff9ff540000 - 0x00007ff9ff6d8000 	C:\WINDOWS\System32\ole32.dll
0x00007ff9fe340000 - 0x00007ff9feac4000 	C:\WINDOWS\System32\SHELL32.dll
0x00007ff9fae80000 - 0x00007ff9fb700000 	C:\WINDOWS\SYSTEM32\windows.storage.dll
0x00007ff9fed30000 - 0x00007ff9fee26000 	C:\WINDOWS\System32\SHCORE.dll
0x00007ff9ffd60000 - 0x00007ff9ffdc7000 	C:\WINDOWS\System32\shlwapi.dll
0x00007ff9fd210000 - 0x00007ff9fd239000 	C:\WINDOWS\SYSTEM32\profapi.dll
0x00007ff9f07a0000 - 0x00007ff9f07b2000 	C:\Program Files\Java\jdk-25\bin\net.dll
0x00007ff9fc5f0000 - 0x00007ff9fc65c000 	C:\WINDOWS\system32\mswsock.dll
0x00007ff9f0780000 - 0x00007ff9f0796000 	C:\Program Files\Java\jdk-25\bin\nio.dll
0x00007ff9f0760000 - 0x00007ff9f0777000 	C:\Program Files\Java\jdk-25\bin\zip.dll
0x00007ff9e1430000 - 0x00007ff9e1454000 	C:\maven\apache-maven-3.9.16\lib\jansi-native\Windows\x86_64\jansi.dll
0x00007ff9f56c0000 - 0x00007ff9f56d0000 	C:\Program Files\Java\jdk-25\bin\verify.dll
0x00007ff9fc8e0000 - 0x00007ff9fc8fb000 	C:\WINDOWS\SYSTEM32\CRYPTSP.dll
0x00007ff9fbfe0000 - 0x00007ff9fc019000 	C:\WINDOWS\system32\rsaenh.dll
0x00007ff9fc6a0000 - 0x00007ff9fc6d3000 	C:\WINDOWS\SYSTEM32\USERENV.dll
0x00007ff9fd1e0000 - 0x00007ff9fd20a000 	C:\WINDOWS\SYSTEM32\bcrypt.dll
0x00007ff9fc8d0000 - 0x00007ff9fc8dc000 	C:\WINDOWS\SYSTEM32\CRYPTBASE.dll
0x00007ff9fbaf0000 - 0x00007ff9fbb23000 	C:\WINDOWS\SYSTEM32\IPHLPAPI.DLL
0x00007ff9ff260000 - 0x00007ff9ff26a000 	C:\WINDOWS\System32\NSI.dll

JVMTI agents: none

dbghelp: loaded successfully - version: 4.0.5 - missing functions: none
symbol engine: initialized successfully - sym options: 0x614 - pdb path: .;C:\Program Files\Java\jdk-25\bin;C:\WINDOWS\SYSTEM32;C:\WINDOWS\WinSxS\amd64_microsoft.windows.common-controls_6595b64144ccf1df_6.0.26100.8521_none_3e08b75ce33403b3;C:\Program Files\Java\jdk-25\bin\server;C:\maven\apache-maven-3.9.16\lib\jansi-native\Windows\x86_64

VM Arguments:
jvm_args: --enable-native-access=ALL-UNNAMED -Dclassworlds.conf=C:\maven\apache-maven-3.9.16\bin\m2.conf -Dmaven.home=C:\maven\apache-maven-3.9.16 -Dlibrary.jansi.path=C:\maven\apache-maven-3.9.16\lib\jansi-native -Dmaven.multiModuleProjectDirectory=D:\Java programming\Banking-System 
java_command: org.codehaus.plexus.classworlds.launcher.Launcher clean test
java_class_path (initial): C:\maven\apache-maven-3.9.16\boot\plexus-classworlds-2.11.0.jar
Launcher Type: SUN_STANDARD

[Global flags]
     intx CICompilerCount                          = 12                                        {product} {ergonomic}
     uint ConcGCThreads                            = 3                                         {product} {ergonomic}
     uint G1ConcRefinementThreads                  = 13                                        {product} {ergonomic}
   size_t G1HeapRegionSize                         = 1048576                                   {product} {ergonomic}
   size_t InitialHeapSize                          = 130023424                                 {product} {ergonomic}
   size_t MarkStackSize                            = 4194304                                   {product} {ergonomic}
   size_t MarkStackSizeMax                         = 536870912                                 {product} {ergonomic}
   size_t MaxHeapSize                              = 2061500416                                {product} {ergonomic}
   size_t MaxNewSize                               = 1236271104                                {product} {ergonomic}
   size_t MinHeapDeltaBytes                        = 1048576                                   {product} {ergonomic}
   size_t MinHeapSize                              = 8388608                                   {product} {ergonomic}
    uintx NonNMethodCodeHeapSize                   = 7602176                                {pd product} {ergonomic}
    uintx NonProfiledCodeHeapSize                  = 122093568                              {pd product} {ergonomic}
    uintx ProfiledCodeHeapSize                     = 121962496                              {pd product} {ergonomic}
    uintx ReservedCodeCacheSize                    = 251658240                              {pd product} {ergonomic}
     bool SegmentedCodeCache                       = true                                      {product} {ergonomic}
   size_t SoftMaxHeapSize                          = 2061500416                             {manageable} {ergonomic}
     bool UseCompressedOops                        = true                           {product lp64_product} {ergonomic}
     bool UseG1GC                                  = true                                      {product} {ergonomic}
     bool UseLargePagesIndividualAllocation        = false                                  {pd product} {ergonomic}

Logging:
Log output configuration:
 #0: stdout all=warning uptime,level,tags foldmultilines=false
 #1: stderr all=off uptime,level,tags foldmultilines=false

Release file:
IMPLEMENTOR="Oracle Corporation" 
JAVA_RUNTIME_VERSION="25.0.1+8-LTS-27" 
JAVA_VERSION="25.0.1" 
JAVA_VERSION_DATE="2025-10-21" 
LIBC="default" 
MODULES="java.base java.compiler java.datatransfer java.xml java.prefs java.desktop java.instrument java.logging java.management java.security.sasl java.naming java.rmi java.management.rmi java.net.http java.scripting java.security.jgss java.transaction.xa java.sql java.sql.rowset java.xml.crypto java.se java.smartcardio jdk.accessibility jdk.internal.jvmstat jdk.attach jdk.charsets jdk.internal.opt jdk.zipfs jdk.compiler jdk.crypto.cryptoki jdk.crypto.ec jdk.crypto.mscapi jdk.dynalink jdk.internal.ed jdk.editpad jdk.internal.vm.ci jdk.graal.compiler jdk.graal.compiler.management jdk.hotspot.agent jdk.httpserver jdk.incubator.vector jdk.internal.le jdk.internal.md jdk.jartool jdk.javadoc jdk.jcmd jdk.management jdk.management.agent jdk.jconsole jdk.jdeps jdk.jdwp.agent jdk.jdi jdk.jfr jdk.jlink jdk.jpackage jdk.jshell jdk.jsobject jdk.jstatd jdk.localedata jdk.management.jfr jdk.naming.dns jdk.naming.rmi jdk.net jdk.nio.mapmode jdk.sctp jdk.security.auth jdk.security.jgss jdk.unsupported jdk.unsupported.desktop jdk.xml.dom" 
OS_ARCH="x86_64" 
OS_NAME="Windows" 
SOURCE=".:git:862c85bc42b7 open:git:78770bfaefd2" 

Environment Variables:
JAVA_HOME=C:\Program Files\Java\jdk-25
PATH=C:\Program Files\Common Files\Oracle\Java\javapath;D:\python\Scripts\;D:\python\;C:\ProgramData\Oracle\Java\javapath;C:\WINDOWS\system32;C:\WINDOWS;C:\WINDOWS\System32\Wbem;C:\WINDOWS\System32\WindowsPowerShell\v1.0\;C:\WINDOWS\System32\OpenSSH\;C:\mingw64\bin;C:\Program Files\dotnet\;C:\Program Files (x86)\Windows Kits\10\Windows Performance Toolkit\;C:\maven\apache-maven-3.9.16\bin;;C:\Program Files\Docker\Docker\resources\bin;C:\Users\akmmu\AppData\Local\Microsoft\WindowsApps;D:\Microsoft VS Code\bin;C:\Users\akmmu\AppData\Local\Programs\Git\cmd
USERNAME=akmmu
OS=Windows_NT
PROCESSOR_IDENTIFIER=Intel64 Family 6 Model 154 Stepping 3, GenuineIntel
TMP=C:\Users\akmmu\AppData\Local\Temp
TEMP=C:\Users\akmmu\AppData\Local\Temp




Compilation memory statistics disabled.

Periodic native trim disabled

---------------  S Y S T E M  ---------------

OS:
 Windows 11 , 64 bit Build 26100 (10.0.26100.8521)
OS uptime: 0 days 1:15 hours
Hyper-V role detected

CPU: total 16 (initial active 16) (8 cores per cpu, 2 threads per core) family 6 model 154 stepping 3 microcode 0x42c, cx8, cmov, fxsr, ht, mmx, 3dnowpref, sse, sse2, sse3, ssse3, sse4.1, sse4.2, popcnt, lzcnt, tsc, tscinvbit, avx, avx2, aes, erms, clmul, bmi1, bmi2, adx, sha, fma, vzeroupper, clflush, clflushopt, clwb, hv, serialize, rdtscp, rdpid, fsrm, gfni, f16c, cet_ibt, cet_ss
Processor Information for processor 0
  Max Mhz: 1700, Current Mhz: 1700, Mhz Limit: 1700
Processor Information for processor 1
  Max Mhz: 1700, Current Mhz: 1457, Mhz Limit: 1700
Processor Information for processor 2
  Max Mhz: 1700, Current Mhz: 1700, Mhz Limit: 1700
Processor Information for processor 3
  Max Mhz: 1700, Current Mhz: 1700, Mhz Limit: 1700
Processor Information for processor 4
  Max Mhz: 1700, Current Mhz: 1700, Mhz Limit: 1700
Processor Information for processor 5
  Max Mhz: 1700, Current Mhz: 1457, Mhz Limit: 1700
Processor Information for processor 6
  Max Mhz: 1700, Current Mhz: 1700, Mhz Limit: 1700
Processor Information for processor 7
  Max Mhz: 1700, Current Mhz: 1457, Mhz Limit: 1700
Processor Information for processor 8
  Max Mhz: 1700, Current Mhz: 1200, Mhz Limit: 1190
Processor Information for processor 9
  Max Mhz: 1700, Current Mhz: 1200, Mhz Limit: 1190
Processor Information for processor 10
  Max Mhz: 1700, Current Mhz: 1200, Mhz Limit: 1190
Processor Information for processor 11
  Max Mhz: 1700, Current Mhz: 1200, Mhz Limit: 1190
Processor Information for processor 12
  Max Mhz: 1700, Current Mhz: 1200, Mhz Limit: 1190
Processor Information for processor 13
  Max Mhz: 1700, Current Mhz: 1200, Mhz Limit: 1190
Processor Information for processor 14
  Max Mhz: 1700, Current Mhz: 1200, Mhz Limit: 1190
Processor Information for processor 15
  Max Mhz: 1700, Current Mhz: 1200, Mhz Limit: 1190

Memory: 4k page, system-wide physical 7860M (668M free)
TotalPageFile size 14948M (AvailPageFile size 67M)
current process WorkingSet (physical memory assigned to process): 284M, peak: 395M
current process commit charge ("private bytes"): 350M, peak: 449M

vm_info: Java HotSpot(TM) 64-Bit Server VM (25.0.1+8-LTS-27) for windows-amd64 JRE (25.0.1+8-LTS-27), built on 2025-09-25T16:41:16Z with unknown MS VC++:1943

END.
